<?xml version="1.0" encoding="utf-8"?>
<FrameLayout
    xmlns:android="http://schemas.android.com/apk/res/android"
    xmlns:app="http://schemas.android.com/apk/res-auto"
    xmlns:tools="http://schemas.android.com/tools"
    android:layout_width="match_parent"
    android:layout_height="match_parent"
    android:background="@android:color/background_light"
    tools:context=".Test_result">

    <androidx.constraintlayout.widget.ConstraintLayout
        android:layout_width="match_parent"
        android:layout_height="match_parent">

        <!--  contents  -->
        <LinearLayout
            android:orientation="horizontal"
            android:layout_width="match_parent"
            android:layout_height="match_parent"
            android:background="#FFFFED"
            android:weightSum="10" >
            <Space
                android:layout_width="0dp"
                android:layout_height="match_parent"
                android:layout_weight="0.5" />
            <LinearLayout
                android:orientation="vertical"
                android:layout_width="0dp"
                android:layout_height="match_parent"
                android:layout_weight="9"
                android:weightSum="10.5" >
                <Space
                    android:layout_width="match_parent"
                    android:layout_height="0dp"
                    android:layout_weight="0.5" />
                <LinearLayout
                    android:layout_width="match_parent"
                    android:layout_height="wrap_content"
                    android:orientation="horizontal">

                    <TextView
                        android:id="@+id/question_text"
                        android:layout_width="0dp"
                        android:layout_height="wrap_content"
                        android:layout_weight="2" />

                    <TextView
                        android:id="@+id/subject_text"
                        android:layout_width="0dp"
                        android:layout_height="wrap_content"
                        android:layout_weight="2" />

                    <TextView
                        android:id="@+id/field_text"
                        android:layout_width="0dp"
                        android:layout_height="wrap_content"
                        android:layout_weight="4" />

                    <TextView
                        android:id="@+id/answer_text"
                        android:layout_width="0dp"
                        android:layout_height="wrap_content"
                        android:layout_weight="1" />

                </LinearLayout>

                <Space
                    android:layout_width="match_parent"
                    android:layout_height="0dp"
                    android:layout_weight="0.5" />
            </LinearLayout>
        </LinearLayout>
    </androidx.constraintlayout.widget.ConstraintLayout>
</FrameLayout>